<?xml version="1.0" encoding="UTF-8"?>
<!-- Generated by org.testng.reporters.JUnitXMLReporter -->
<testsuite ignored="0" hostname="DESKTOP-DI9J3JR" failures="0" tests="6" name="HomePageTestCase" time="8.467" errors="0" timestamp="2024-10-05T17:05:12 IST">
  <testcase classname="MyShop_testCase.HomePageTestCase" name="@BeforeClass setup" time="8.313">
    <failure type="org.openqa.selenium.StaleElementReferenceException" message="stale element reference: stale element not found
  (Session info: chrome=129.0.6668.90)
For documentation on this error, please visit: https://www.selenium.dev/documentation/webdriver/troubleshooting/errors#stale-element-reference-exception
Build info: version: &amp;apos;4.25.0&amp;apos;, revision: &amp;apos;8a8aea2337&amp;apos;
System info: os.name: &amp;apos;Windows 11&amp;apos;, os.arch: &amp;apos;amd64&amp;apos;, os.version: &amp;apos;10.0&amp;apos;, java.version: &amp;apos;21.0.1&amp;apos;
Driver info: org.openqa.selenium.chrome.ChromeDriver
Command: [9c45023dac622de9d1c587a89a911fa0, clickElement {id=f.ED74AB5FCB7A44A19083F96185B498F3.d.4499AB85EAFCA787FD2B09A6050D6E0D.e.76}]
Capabilities {acceptInsecureCerts: false, browserName: chrome, browserVersion: 129.0.6668.90, chrome: {chromedriverVersion: 129.0.6668.89 (951c0b97221f..., userDataDir: C:\Users\acer\AppData\Local...}, fedcm:accounts: true, goog:chromeOptions: {debuggerAddress: localhost:58986}, networkConnectionEnabled: false, pageLoadStrategy: normal, platformName: windows, proxy: Proxy(), se:cdp: ws://localhost:58986/devtoo..., se:cdpVersion: 129.0.6668.90, setWindowRect: true, strictFileInteractability: false, timeouts: {implicit: 0, pageLoad: 300000, script: 30000}, unhandledPromptBehavior: dismiss and notify, webauthn:extension:credBlob: true, webauthn:extension:largeBlob: true, webauthn:extension:minPinLength: true, webauthn:extension:prf: true, webauthn:virtualAuthenticators: true}
Element: [[ChromeDriver: chrome on windows (9c45023dac622de9d1c587a89a911fa0)] -&amp;gt; xpath: //div[@class=&amp;apos;panel header&amp;apos;]//a[contains(text(),&amp;apos;Sign In&amp;apos;)]]
Session ID: 9c45023dac622de9d1c587a89a911fa0">
      <![CDATA[org.openqa.selenium.StaleElementReferenceException: stale element reference: stale element not found
  (Session info: chrome=129.0.6668.90)
For documentation on this error, please visit: https://www.selenium.dev/documentation/webdriver/troubleshooting/errors#stale-element-reference-exception
Build info: version: '4.25.0', revision: '8a8aea2337'
System info: os.name: 'Windows 11', os.arch: 'amd64', os.version: '10.0', java.version: '21.0.1'
Driver info: org.openqa.selenium.chrome.ChromeDriver
Command: [9c45023dac622de9d1c587a89a911fa0, clickElement {id=f.ED74AB5FCB7A44A19083F96185B498F3.d.4499AB85EAFCA787FD2B09A6050D6E0D.e.76}]
Capabilities {acceptInsecureCerts: false, browserName: chrome, browserVersion: 129.0.6668.90, chrome: {chromedriverVersion: 129.0.6668.89 (951c0b97221f..., userDataDir: C:\Users\acer\AppData\Local...}, fedcm:accounts: true, goog:chromeOptions: {debuggerAddress: localhost:58986}, networkConnectionEnabled: false, pageLoadStrategy: normal, platformName: windows, proxy: Proxy(), se:cdp: ws://localhost:58986/devtoo..., se:cdpVersion: 129.0.6668.90, setWindowRect: true, strictFileInteractability: false, timeouts: {implicit: 0, pageLoad: 300000, script: 30000}, unhandledPromptBehavior: dismiss and notify, webauthn:extension:credBlob: true, webauthn:extension:largeBlob: true, webauthn:extension:minPinLength: true, webauthn:extension:prf: true, webauthn:virtualAuthenticators: true}
Element: [[ChromeDriver: chrome on windows (9c45023dac622de9d1c587a89a911fa0)] -> xpath: //div[@class='panel header']//a[contains(text(),'Sign In')]]
Session ID: 9c45023dac622de9d1c587a89a911fa0
at org.openqa.selenium.remote.ErrorCodec.decode(ErrorCodec.java:167)
at org.openqa.selenium.remote.codec.w3c.W3CHttpResponseCodec.decode(W3CHttpResponseCodec.java:138)
at org.openqa.selenium.remote.codec.w3c.W3CHttpResponseCodec.decode(W3CHttpResponseCodec.java:50)
at org.openqa.selenium.remote.HttpCommandExecutor.execute(HttpCommandExecutor.java:190)
at org.openqa.selenium.remote.service.DriverCommandExecutor.invokeExecute(DriverCommandExecutor.java:216)
at org.openqa.selenium.remote.service.DriverCommandExecutor.execute(DriverCommandExecutor.java:174)
at org.openqa.selenium.remote.RemoteWebDriver.execute(RemoteWebDriver.java:545)
at org.openqa.selenium.remote.RemoteWebElement.execute(RemoteWebElement.java:223)
at org.openqa.selenium.remote.RemoteWebElement.click(RemoteWebElement.java:76)
at org.openqa.selenium.support.pagefactory.internal.LocatingElementHandler.invoke(LocatingElementHandler.java:51)
at jdk.proxy2/jdk.proxy2.$Proxy19.click(Unknown Source)
at com.example.MyShop_Pages.Luma_Home_Page.verifySigninlink(Luma_Home_Page.java:33)
at MyShop_testCase.HomePageTestCase.setup(HomePageTestCase.java:54)
at java.base/java.util.ArrayList.forEach(ArrayList.java:1596)
at java.base/java.util.concurrent.FutureTask.run(FutureTask.java:317)
at java.base/java.util.concurrent.ThreadPoolExecutor.runWorker(ThreadPoolExecutor.java:1144)
at java.base/java.util.concurrent.ThreadPoolExecutor$Worker.run(ThreadPoolExecutor.java:642)
at java.base/java.lang.Thread.run(Thread.java:1583)
... Removed 18 stack frames]]>
    </failure>
  </testcase> <!-- @BeforeClass setup -->
  <testcase classname="MyShop_testCase.HomePageTestCase" name="@AfterClass tearDown" time="0.0">
    <skipped/>
  </testcase> <!-- @AfterClass tearDown -->
  <testcase classname="MyShop_testCase.HomePageTestCase" name="testWhatsNew" time="0.0">
    <skipped/>
  </testcase> <!-- testWhatsNew -->
  <testcase classname="MyShop_testCase.HomePageTestCase" name="testWomen" time="0.0">
    <skipped/>
  </testcase> <!-- testWomen -->
  <testcase classname="MyShop_testCase.HomePageTestCase" name="testMen" time="0.0">
    <skipped/>
  </testcase> <!-- testMen -->
  <testcase classname="MyShop_testCase.HomePageTestCase" name="testGear" time="0.0">
    <skipped/>
  </testcase> <!-- testGear -->
  <testcase classname="MyShop_testCase.HomePageTestCase" name="testTraining" time="0.0">
    <skipped/>
  </testcase> <!-- testTraining -->
  <testcase classname="MyShop_testCase.HomePageTestCase" name="testSale" time="0.0">
    <skipped/>
  </testcase> <!-- testSale -->
</testsuite> <!-- HomePageTestCase -->
